\BOOKMARK [1][-]{section.1}{Introduction}{}% 1
\BOOKMARK [1][-]{section.2}{Experimental Environment}{}% 2
\BOOKMARK [2][-]{subsection.2.1}{Timer in Linux}{section.2}% 3
\BOOKMARK [2][-]{subsection.2.2}{Hardware and Software Environment}{section.2}% 4
\BOOKMARK [1][-]{section.3}{Measuring TLB size}{}% 5
\BOOKMARK [2][-]{subsection.3.1}{Methodology}{section.3}% 6
\BOOKMARK [3][-]{subsubsection.3.1.1}{Complications}{subsection.3.1}% 7
\BOOKMARK [3][-]{subsubsection.3.1.2}{Strategy}{subsection.3.1}% 8
\BOOKMARK [2][-]{subsection.3.2}{Implementation}{section.3}% 9
\BOOKMARK [2][-]{subsection.3.3}{Experiment Results}{section.3}% 10
\BOOKMARK [2][-]{subsection.3.4}{Discussion}{section.3}% 11
\BOOKMARK [1][-]{section.4}{Memory Allocator}{}% 12
\BOOKMARK [2][-]{subsection.4.1}{Methodology}{section.4}% 13
\BOOKMARK [2][-]{subsection.4.2}{Experiments}{section.4}% 14
\BOOKMARK [3][-]{subsubsection.4.2.1}{Allocation Cost}{subsection.4.2}% 15
\BOOKMARK [3][-]{subsubsection.4.2.2}{Benefit from On-Demand Allocation}{subsection.4.2}% 16
\BOOKMARK [2][-]{subsection.4.3}{Discussion}{section.4}% 17
\BOOKMARK [1][-]{section.5}{Huge Pages}{}% 18
\BOOKMARK [2][-]{subsection.5.1}{Methodology}{section.5}% 19
\BOOKMARK [2][-]{subsection.5.2}{Experiments}{section.5}% 20
\BOOKMARK [2][-]{subsection.5.3}{Discussion}{section.5}% 21
\BOOKMARK [1][-]{section.6}{Shared Code Page}{}% 22
\BOOKMARK [2][-]{subsection.6.1}{Methodology}{section.6}% 23
\BOOKMARK [2][-]{subsection.6.2}{Experiments}{section.6}% 24
\BOOKMARK [2][-]{subsection.6.3}{Discussion}{section.6}% 25
\BOOKMARK [1][-]{section.7}{Conclusion}{}% 26
\BOOKMARK [1][-]{section.8}{References}{}% 27
