seq 2097152 1 32768 143891 203852
rand 2097152 1 32768 144174 202544
seq 2097152 1 2097152 3523 11740
rand 2097152 1 2097152 56 4762
seq 2097152 2 32768 255260 353902
rand 2097152 2 32768 144749 202916
seq 2097152 2 2097152 5846 15503
rand 2097152 2 2097152 59 4893
seq 2097152 4 32768 459437 633143
rand 2097152 4 32768 145183 203019
seq 2097152 4 2097152 9966 22106
rand 2097152 4 2097152 56 4665
seq 2097152 8 32768 742601 1014615
rand 2097152 8 32768 145981 204027
seq 2097152 8 2097152 18705 36082
rand 2097152 8 2097152 60 4605
seq 2097152 16 32768 1031961 1399673
rand 2097152 16 32768 148455 206405
seq 2097152 16 2097152 37993 60363
rand 2097152 16 2097152 64 4657
seq 8388608 1 32768 554990 771694
rand 8388608 1 32768 586872 803633
seq 8388608 1 2097152 11335 25757
rand 8388608 1 2097152 12404 28305
seq 8388608 2 32768 1046128 1442414
rand 8388608 2 32768 594067 808593
seq 8388608 2 2097152 20566 40543
rand 8388608 2 2097152 12311 27767
seq 8388608 4 32768 1890637 2597823
rand 8388608 4 32768 601924 815379
seq 8388608 4 2097152 40675 68145
rand 8388608 4 2097152 12428 27849
seq 8388608 8 32768 3202570 4402907
rand 8388608 8 32768 621363 834333
seq 8388608 8 2097152 77394 119390
rand 8388608 8 2097152 12282 28011
seq 8388608 16 32768 4726623 6483515
rand 8388608 16 32768 658556 873615
seq 8388608 16 2097152 149252 218617
rand 8388608 16 2097152 12249 28015
seq 33554432 1 32768 2415165 3339204
rand 33554432 1 32768 2516552 3409974
seq 33554432 1 2097152 46823 82314
rand 33554432 1 2097152 50939 91702
seq 33554432 2 32768 4930059 6855580
rand 33554432 2 32768 2548551 3445016
seq 33554432 2 2097152 87134 143127
rand 33554432 2 2097152 50733 92009
seq 33554432 4 32768 9565333 13418115
rand 33554432 4 32768 2589339 3487182
seq 33554432 4 2097152 163252 253756
rand 33554432 4 2097152 51449 93028
seq 33554432 8 32768 15599511 21650385
rand 33554432 8 32768 2690651 3589440
seq 33554432 8 2097152 315237 464639
rand 33554432 8 2097152 51992 93071
seq 33554432 16 32768 21844528 29932131
rand 33554432 16 32768 2901025 3801662
seq 33554432 16 2097152 617125 882768
rand 33554432 16 2097152 52654 94259
seq 134217728 1 32768 12078493 17065611
rand 134217728 1 32768 12285232 17250449
seq 134217728 1 2097152 186492 307774
rand 134217728 1 2097152 203997 345439
seq 134217728 2 32768 22591274 31378078
rand 134217728 2 32768 12456430 17403096
seq 134217728 2 2097152 357142 565711
rand 134217728 2 2097152 207110 350224
seq 134217728 4 32768 40430101 55517964
rand 134217728 4 32768 12744106 17682798
seq 134217728 4 2097152 684563 1047894
rand 134217728 4 2097152 209793 353134
seq 134217728 8 32768 65162226 88626559
rand 134217728 8 32768 13264472 18219161
seq 134217728 8 2097152 1338313 1985885
rand 134217728 8 2097152 218996 362627
seq 134217728 16 32768 91654261 123271506
rand 134217728 16 32768 14313665 19257857
seq 134217728 16 2097152 2752534 4000024
rand 134217728 16 2097152 234933 378629
seq 2097152 1 32768 136071 193250
rand 2097152 1 32768 141602 198744
seq 2097152 1 2097152 3311 11715
rand 2097152 1 2097152 73 4871
seq 2097152 2 32768 252958 350170
rand 2097152 2 32768 142827 200029
seq 2097152 2 2097152 5766 15471
rand 2097152 2 2097152 50 5012
seq 2097152 4 32768 454311 625555
rand 2097152 4 32768 143495 200848
seq 2097152 4 2097152 9916 22113
rand 2097152 4 2097152 65 4795
seq 2097152 8 32768 738142 1006988
rand 2097152 8 32768 144523 201950
seq 2097152 8 2097152 18717 35538
rand 2097152 8 2097152 51 4783
seq 2097152 16 32768 1023505 1386025
rand 2097152 16 32768 146696 204151
seq 2097152 16 2097152 36997 59487
rand 2097152 16 2097152 52 4734
seq 8388608 1 32768 552636 767239
rand 8388608 1 32768 581832 797071
seq 8388608 1 2097152 11389 25629
rand 8388608 1 2097152 12366 28234
seq 8388608 2 32768 1039861 1431112
rand 8388608 2 32768 588499 802386
seq 8388608 2 2097152 20867 40753
rand 8388608 2 2097152 12411 27875
seq 8388608 4 32768 1875224 2579192
rand 8388608 4 32768 599668 813891
seq 8388608 4 2097152 40762 68087
rand 8388608 4 2097152 12439 28001
seq 8388608 8 32768 3198013 4400498
rand 8388608 8 32768 616218 833477
seq 8388608 8 2097152 76955 119170
rand 8388608 8 2097152 12317 28087
seq 8388608 16 32768 4698410 6461977
rand 8388608 16 32768 652387 865980
seq 8388608 16 2097152 146992 215841
rand 8388608 16 2097152 12696 28145
seq 33554432 1 32768 2392437 3312537
rand 33554432 1 32768 2510917 3409077
seq 33554432 1 2097152 47290 83278
rand 33554432 1 2097152 50708 92304
seq 33554432 2 32768 4911630 6833613
rand 33554432 2 32768 2530091 3426236
seq 33554432 2 2097152 87237 144134
rand 33554432 2 2097152 51748 93540
seq 33554432 4 32768 9554125 13380925
rand 33554432 4 32768 2584322 3479306
seq 33554432 4 2097152 164772 255097
rand 33554432 4 2097152 51592 93078
seq 33554432 8 32768 15674033 21693967
rand 33554432 8 32768 2686035 3581850
seq 33554432 8 2097152 316951 465609
rand 33554432 8 2097152 51916 92427
seq 33554432 16 32768 21883603 29903670
rand 33554432 16 32768 2875372 3765496
seq 33554432 16 2097152 617785 882708
rand 33554432 16 2097152 53073 95294
seq 134217728 1 32768 12013813 16958427
rand 134217728 1 32768 12217488 17147758
seq 134217728 1 2097152 185854 307057
rand 134217728 1 2097152 202259 343465
seq 134217728 2 32768 22575799 31314996
rand 134217728 2 32768 12421460 17355942
seq 134217728 2 2097152 356401 563578
rand 134217728 2 2097152 207048 351101
seq 2097152 1 65536 32440 48123
rand 2097152 1 65536 28964 42484
seq 2097152 1 2097152 1290 4715
rand 2097152 1 2097152 24 1955
seq 2097152 2 65536 54390 77040
rand 2097152 2 65536 29142 42678
seq 2097152 2 2097152 2335 6231
rand 2097152 2 2097152 28 2037
seq 2097152 4 65536 101946 141112
rand 2097152 4 65536 29400 43022
seq 2097152 4 2097152 3992 8706
rand 2097152 4 2097152 31 2271
seq 2097152 8 65536 181656 250736
rand 2097152 8 65536 29860 43571
seq 2097152 8 2097152 7606 14306
rand 2097152 8 2097152 25 1976
seq 2097152 16 65536 295409 403871
rand 2097152 16 65536 29987 43724
seq 2097152 16 2097152 15065 23956
rand 2097152 16 2097152 28 2031
seq 8388608 1 65536 113919 160920
rand 8388608 1 65536 116551 161675
seq 8388608 1 2097152 4578 10168
rand 8388608 1 2097152 4879 11742
seq 8388608 2 65536 221396 307840
rand 8388608 2 65536 118081 163305
seq 8388608 2 2097152 8273 16390
rand 8388608 2 2097152 5154 11365
seq 8388608 4 65536 414920 572497
rand 8388608 4 65536 119269 164295
seq 8388608 4 2097152 16133 27185
rand 8388608 4 2097152 4875 11317
seq 8388608 8 65536 755717 1043440
rand 8388608 8 65536 123678 168613
seq 8388608 8 2097152 31129 47979
rand 8388608 8 2097152 4790 11204
seq 8388608 16 65536 1280660 1768134
rand 8388608 16 65536 131324 176034
seq 8388608 16 2097152 59234 86280
rand 8388608 16 2097152 4887 11353
seq 33554432 1 65536 473467 666942
rand 33554432 1 65536 480366 665598
seq 33554432 1 2097152 18201 32565
rand 33554432 1 2097152 19991 36233
seq 33554432 2 65536 953716 1328460
rand 33554432 2 65536 487448 673061
seq 33554432 2 2097152 34692 56682
rand 33554432 2 2097152 20586 36763
seq 33554432 4 65536 1945106 2702386
rand 33554432 4 65536 496997 682410
seq 33554432 4 2097152 64543 100486
rand 33554432 4 2097152 20307 36793
seq 33554432 8 65536 3606954 5012531
rand 33554432 8 65536 518714 705251
seq 33554432 8 2097152 126371 185696
rand 33554432 8 2097152 21278 37699
seq 33554432 16 65536 5992269 8311224
rand 33554432 16 65536 559130 744990
seq 33554432 16 2097152 244801 351058
rand 33554432 16 2097152 20659 37405
seq 134217728 1 65536 2290806 3250221
rand 134217728 1 65536 2251985 3152875
seq 134217728 1 2097152 74755 123597
rand 134217728 1 2097152 80242 136966
seq 134217728 2 65536 4561493 6412670
rand 134217728 2 65536 2290898 3183911
seq 134217728 2 2097152 142193 225654
rand 134217728 2 2097152 80660 138581
seq 134217728 4 65536 8833286 12295729
rand 134217728 4 65536 2344650 3238537
seq 134217728 4 2097152 270317 413566
rand 134217728 4 2097152 83190 140204
seq 134217728 8 65536 15726654 21685230
rand 134217728 8 65536 2448419 3345249
seq 134217728 8 2097152 526723 784237
rand 134217728 8 2097152 85960 142966
seq 134217728 16 65536 25566712 34788281
rand 134217728 16 65536 2651177 3545098
seq 134217728 16 2097152 1092008 1584188
rand 134217728 16 2097152 93143 150458
seq 2097152 1 65536 28552 42417
rand 2097152 1 65536 28971 42335
seq 2097152 1 2097152 1244 4657
rand 2097152 1 2097152 15 2052
seq 2097152 2 65536 53982 77135
rand 2097152 2 65536 29206 42742
seq 2097152 2 2097152 2197 6119
rand 2097152 2 2097152 29 1991
seq 2097152 4 65536 101767 140999
rand 2097152 4 65536 29298 42687
seq 2097152 4 2097152 3919 8666
rand 2097152 4 2097152 17 2125
seq 2097152 8 65536 182292 250517
rand 2097152 8 65536 29811 43291
seq 2097152 8 2097152 7500 14221
rand 2097152 8 2097152 21 1936
seq 2097152 16 65536 292943 401282
rand 2097152 16 65536 30072 43796
seq 2097152 16 2097152 14924 24033
rand 2097152 16 2097152 19 2073
seq 8388608 1 65536 113242 160280
rand 8388608 1 65536 116487 161429
seq 8388608 1 2097152 4511 10155
rand 8388608 1 2097152 4981 11140
seq 8388608 2 65536 220285 306791
rand 8388608 2 65536 117282 162349
seq 8388608 2 2097152 7955 16022
rand 8388608 2 2097152 5001 11286
seq 8388608 4 65536 413643 570585
rand 8388608 4 65536 119252 164378
seq 8388608 4 2097152 16188 26827
rand 8388608 4 2097152 4973 11241
seq 8388608 8 65536 759600 1046363
rand 8388608 8 65536 124218 169397
seq 8388608 8 2097152 30668 47701
rand 8388608 8 2097152 5030 11252
seq 8388608 16 65536 1292297 1782276
rand 8388608 16 65536 131524 176350
seq 8388608 16 2097152 59073 86436
rand 8388608 16 2097152 4967 11210
seq 33554432 1 65536 475183 669032
rand 33554432 1 65536 482049 665998
seq 33554432 1 2097152 18483 33063
rand 33554432 1 2097152 19825 36272
seq 33554432 2 65536 953119 1328137
rand 33554432 2 65536 487163 672366
seq 33554432 2 2097152 34772 56975
rand 33554432 2 2097152 20140 36584
seq 33554432 4 65536 1945701 2699367
rand 33554432 4 65536 497733 682132
seq 33554432 4 2097152 64164 100108
rand 33554432 4 2097152 20493 36603
seq 33554432 8 65536 3599473 5004377
rand 33554432 8 65536 516746 701287
seq 33554432 8 2097152 125180 182921
rand 33554432 8 2097152 20572 37349
seq 33554432 16 65536 5990119 8305644
rand 33554432 16 65536 556034 739409
seq 33554432 16 2097152 243473 349727
rand 33554432 16 2097152 20992 37531
seq 134217728 1 65536 2284542 3237281
rand 134217728 1 65536 2255342 3147599
seq 134217728 1 2097152 73628 122783
rand 134217728 1 2097152 79653 136344
seq 134217728 2 65536 4559247 6393925
rand 134217728 2 65536 2282221 3173990
seq 134217728 2 2097152 140193 222966
rand 134217728 2 2097152 80807 137715
seq 134217728 4 65536 8780805 12209694
rand 134217728 4 65536 2327493 3217588
seq 134217728 4 2097152 268909 411376
rand 134217728 4 2097152 82800 139428
seq 134217728 8 65536 15659143 21591113
rand 134217728 8 65536 2417185 3309504
seq 134217728 8 2097152 523533 775562
rand 134217728 8 2097152 85713 142211
seq 134217728 16 65536 25419237 34619409
rand 134217728 16 65536 2599956 3493121
seq 134217728 16 2097152 1077343 1568425
rand 134217728 16 2097152 93288 150385
seq 2097152 1 65536 30025 44563
rand 2097152 1 65536 28954 42300
seq 2097152 1 2097152 1229 4569
rand 2097152 1 2097152 19 2039
seq 2097152 2 65536 54086 76985
rand 2097152 2 65536 28982 42493
seq 2097152 2 2097152 2165 5970
rand 2097152 2 2097152 20 1981
seq 2097152 4 65536 101181 140051
rand 2097152 4 65536 29237 42924
seq 2097152 4 2097152 3802 8598
rand 2097152 4 2097152 27 2024
seq 2097152 8 65536 180875 250274
rand 2097152 8 65536 29392 43054
seq 2097152 8 2097152 7254 13914
rand 2097152 8 2097152 24 2123
seq 2097152 16 65536 293560 401906
rand 2097152 16 65536 29827 43387
seq 2097152 16 2097152 14673 23651
rand 2097152 16 2097152 18 2071
seq 8388608 1 65536 113276 159349
rand 8388608 1 65536 114987 160318
seq 8388608 1 2097152 4618 10184
rand 8388608 1 2097152 4925 11387
seq 8388608 2 65536 219693 305721
rand 8388608 2 65536 117370 162003
seq 8388608 2 2097152 8124 16008
rand 8388608 2 2097152 5014 11297
seq 8388608 4 65536 413965 571096
rand 8388608 4 65536 119166 163791
seq 8388608 4 2097152 15819 26856
rand 8388608 4 2097152 4987 11282
seq 8388608 8 65536 748032 1033012
rand 8388608 8 65536 124242 169476
seq 8388608 8 2097152 30564 47583
rand 8388608 8 2097152 4926 11303
seq 8388608 16 65536 1292322 1783002
rand 8388608 16 65536 132114 177145
seq 8388608 16 2097152 58729 85907
rand 8388608 16 2097152 4851 11263
seq 33554432 1 65536 474454 666703
rand 33554432 1 65536 481385 665829
seq 33554432 1 2097152 18363 32610
rand 33554432 1 2097152 19912 36299
seq 33554432 2 65536 955985 1334669
rand 33554432 2 65536 486781 671703
seq 33554432 2 2097152 34776 57261
rand 33554432 2 2097152 20322 36353
seq 33554432 4 65536 1941498 2698097
rand 33554432 4 65536 497198 681904
seq 33554432 4 2097152 64579 100220
rand 33554432 4 2097152 20232 36729
seq 33554432 8 65536 3609075 5021157
rand 33554432 8 65536 516290 701601
seq 33554432 8 2097152 124982 184609
rand 33554432 8 2097152 20718 37608
seq 33554432 16 65536 5984720 8304110
rand 33554432 16 65536 556655 741216
seq 33554432 16 2097152 243131 348758
rand 33554432 16 2097152 20974 37714
seq 134217728 1 65536 2290688 3248924
rand 134217728 1 65536 2251862 3150998
seq 134217728 1 2097152 74734 123928
rand 134217728 1 2097152 79719 136172
seq 134217728 2 65536 4556142 6401427
rand 134217728 2 65536 2282843 3177966
seq 134217728 2 2097152 140227 223982
rand 134217728 2 2097152 80442 138116
seq 134217728 4 65536 8797146 12251495
rand 134217728 4 65536 2326006 3217912
seq 134217728 4 2097152 270602 414745
rand 134217728 4 2097152 83264 140522
seq 134217728 8 65536 15759618 21701446
rand 134217728 8 65536 2429637 3324288
seq 134217728 8 2097152 524320 779378
rand 134217728 8 2097152 87741 144594
seq 134217728 16 65536 25511659 34708057
rand 134217728 16 65536 2608618 3503999
seq 134217728 16 2097152 1093546 1584058
rand 134217728 16 2097152 93755 150599
seq 2097152 1 65536 32488 48223
rand 2097152 1 65536 28507 42007
seq 2097152 1 2097152 1285 4733
rand 2097152 1 2097152 30 1902
seq 2097152 2 65536 54007 76572
rand 2097152 2 65536 28824 42202
seq 2097152 2 2097152 2235 6022
rand 2097152 2 2097152 23 2001
seq 2097152 4 65536 100685 139144
rand 2097152 4 65536 29050 42580
seq 2097152 4 2097152 4001 8646
rand 2097152 4 2097152 30 2007
seq 2097152 8 65536 179970 248172
rand 2097152 8 65536 29397 42892
seq 2097152 8 2097152 7303 13971
rand 2097152 8 2097152 27 1983
seq 2097152 16 65536 291364 398791
rand 2097152 16 65536 29717 43494
seq 2097152 16 2097152 14930 23938
rand 2097152 16 2097152 24 1872
seq 8388608 1 65536 112528 158607
rand 8388608 1 65536 114985 159253
seq 8388608 1 2097152 4510 10121
rand 8388608 1 2097152 4829 11256
seq 8388608 2 65536 218293 303632
rand 8388608 2 65536 116276 160850
seq 8388608 2 2097152 8252 16285
rand 8388608 2 2097152 4950 11765
seq 8388608 4 65536 414264 571225
rand 8388608 4 65536 118471 162795
seq 8388608 4 2097152 15949 26859
rand 8388608 4 2097152 4806 11199
seq 8388608 8 65536 752267 1037908
rand 8388608 8 65536 122467 167175
seq 8388608 8 2097152 30706 47736
rand 8388608 8 2097152 4707 11243
seq 8388608 16 65536 1276297 1754509
rand 8388608 16 65536 130169 174851
seq 8388608 16 2097152 58353 85657
rand 8388608 16 2097152 4953 11217
seq 33554432 1 65536 472885 664820
rand 33554432 1 65536 478326 662435
seq 33554432 1 2097152 18208 32551
rand 33554432 1 2097152 19755 36045
seq 33554432 2 65536 952039 1323045
rand 33554432 2 65536 483235 667160
seq 33554432 2 2097152 34936 56829
rand 33554432 2 2097152 20140 36294
seq 33554432 4 65536 1926173 2677060
rand 33554432 4 65536 494704 679080
seq 33554432 4 2097152 64569 99886
rand 33554432 4 2097152 19952 36588
seq 33554432 8 65536 3588342 4988301
rand 33554432 8 65536 512659 696252
seq 33554432 8 2097152 124473 182333
rand 33554432 8 2097152 20530 36750
seq 33554432 16 65536 5968068 8281072
rand 33554432 16 65536 555023 739535
seq 33554432 16 2097152 242177 348143
rand 33554432 16 2097152 20708 37105
seq 134217728 1 65536 2274999 3219161
rand 134217728 1 65536 2239179 3124804
seq 134217728 1 2097152 73320 121553
rand 134217728 1 2097152 79364 135539
seq 134217728 2 65536 4528128 6366695
rand 134217728 2 65536 2270519 3160307
seq 134217728 2 2097152 139185 223113
rand 134217728 2 2097152 80133 137225
seq 134217728 4 65536 8879153 12302239
rand 134217728 4 65536 2361479 3255077
seq 134217728 4 2097152 268941 411381
rand 134217728 4 2097152 82456 139222
seq 134217728 8 65536 15581324 21466278
rand 134217728 8 65536 2414114 3311574
seq 134217728 8 2097152 522786 776490
rand 134217728 8 2097152 85677 142527
seq 2097152 1 65536 12507 18578
rand 2097152 1 65536 7452 10824
seq 2097152 1 2097152 307 1165
rand 2097152 1 2097152 1 485
seq 2097152 2 65536 13479 19147
rand 2097152 2 65536 7204 10567
seq 2097152 2 2097152 507 1485
rand 2097152 2 2097152 3 477
seq 2097152 4 65536 25076 34731
rand 2097152 4 65536 7186 10570
seq 2097152 4 2097152 996 2143
rand 2097152 4 2097152 8 466
seq 2097152 8 65536 44938 61981
rand 2097152 8 65536 7195 10653
seq 2097152 8 2097152 1855 3489
rand 2097152 8 2097152 4 465
seq 2097152 16 65536 72700 99667
rand 2097152 16 65536 7455 10934
seq 2097152 16 2097152 3667 5942
rand 2097152 16 2097152 5 476
seq 8388608 1 65536 27969 39715
rand 8388608 1 65536 28660 39802
seq 8388608 1 2097152 1112 2466
rand 8388608 1 2097152 1171 2701
seq 8388608 2 65536 54581 75876
rand 8388608 2 65536 29027 40154
seq 8388608 2 2097152 1959 3943
rand 8388608 2 2097152 1170 2752
seq 8388608 4 65536 102871 142033
rand 8388608 4 65536 29845 41127
seq 8388608 4 2097152 3831 6526
rand 8388608 4 2097152 1269 2784
seq 8388608 8 65536 188119 260274
rand 8388608 8 65536 30885 42225
seq 8388608 8 2097152 7577 11760
rand 8388608 8 2097152 1171 2695
seq 8388608 16 65536 320511 442518
rand 8388608 16 65536 32904 44232
seq 8388608 16 2097152 14310 21255
rand 8388608 16 2097152 1240 2778
seq 33554432 1 65536 117795 166447
rand 33554432 1 65536 118972 164788
seq 33554432 1 2097152 4644 8161
rand 33554432 1 2097152 4943 9029
seq 33554432 2 65536 235822 329842
rand 33554432 2 65536 121197 167025
seq 33554432 2 2097152 8601 14096
rand 33554432 2 2097152 4873 9053
seq 33554432 4 65536 480359 668538
rand 33554432 4 65536 123532 169673
seq 33554432 4 2097152 15988 24671
rand 33554432 4 2097152 5094 9190
seq 33554432 8 65536 893381 1244533
rand 33554432 8 65536 128860 175169
seq 33554432 8 2097152 30902 45520
rand 33554432 8 2097152 5134 9124
seq 33554432 16 65536 1491337 2077848
rand 33554432 16 65536 139027 185197
seq 33554432 16 2097152 60217 86552
rand 33554432 16 2097152 5186 9328
seq 134217728 1 65536 565357 800959
rand 134217728 1 65536 556674 777964
seq 134217728 1 2097152 18310 30797
rand 134217728 1 2097152 19734 33941
seq 134217728 2 65536 1128190 1588457
rand 134217728 2 65536 568964 792874
seq 134217728 2 2097152 35031 55591
rand 134217728 2 2097152 19957 34199
seq 134217728 4 65536 2185432 3045208
rand 134217728 4 65536 580868 805388
seq 134217728 4 2097152 66653 102670
rand 134217728 4 2097152 20376 34766
seq 2097152 1 65536 63680 94722
rand 2097152 1 65536 58399 86206
seq 2097152 1 2097152 88854 305772
rand 2097152 1 2097152 1753 128211
seq 2097152 2 65536 110284 157048
rand 2097152 2 65536 58781 86483
seq 2097152 2 2097152 154112 411197
rand 2097152 2 2097152 1715 122729
seq 2097152 4 65536 208491 289536
rand 2097152 4 65536 59745 87879
seq 2097152 4 2097152 268311 586310
rand 2097152 4 2097152 1633 122011
seq 2097152 8 65536 373143 514091
rand 2097152 8 65536 60794 89088
seq 2097152 8 2097152 492611 931396
rand 2097152 8 2097152 1697 135252
seq 2097152 16 65536 597542 818911
rand 2097152 16 65536 60798 88670
seq 2097152 16 2097152 960024 1535924
rand 2097152 16 2097152 1744 121670
seq 16777216 1 65536 59701 84085
rand 16777216 1 65536 59900 82951
seq 16777216 1 2097152 71154 142189
rand 16777216 1 2097152 77434 156316
seq 16777216 2 65536 114317 159191
rand 16777216 2 65536 60898 84002
seq 16777216 2 2097152 139555 242149
rand 16777216 2 2097152 78200 157689
seq 16777216 4 65536 221746 306742
rand 16777216 4 65536 62052 85247
seq 16777216 4 2097152 261599 420451
rand 16777216 4 2097152 77583 156442
seq 16777216 8 65536 422164 586573
rand 16777216 8 65536 64163 87310
seq 16777216 8 2097152 497946 749204
rand 16777216 8 2097152 77920 156879
seq 16777216 16 65536 715938 992987
rand 16777216 16 65536 68053 91196
seq 16777216 16 2097152 964690 1386482
rand 16777216 16 2097152 78463 156619
seq 134217728 1 65536 73228 103694
rand 134217728 1 65536 72165 101203
seq 134217728 1 2097152 75210 124830
rand 134217728 1 2097152 81611 139218
seq 134217728 2 65536 145716 205050
rand 134217728 2 65536 73139 101936
seq 134217728 2 2097152 144717 229473
rand 134217728 2 2097152 82296 140648
seq 134217728 4 65536 280316 390084
rand 134217728 4 65536 75077 104189
seq 134217728 4 2097152 275312 422015
rand 134217728 4 2097152 84977 143282
seq 134217728 8 65536 500445 689820
rand 134217728 8 65536 78045 107059
seq 134217728 8 2097152 537639 800009
rand 134217728 8 2097152 88608 146290
seq 134217728 16 65536 812083 1107555
rand 134217728 16 65536 84027 113097
seq 134217728 16 2097152 1107376 1611192
rand 134217728 16 2097152 95447 153861
seq 2097152 1 65536 57369 85735
rand 2097152 1 65536 58274 85998
seq 2097152 1 2097152 83247 296338
rand 2097152 1 2097152 1605 125125
seq 2097152 2 65536 109963 157095
rand 2097152 2 65536 58764 86700
seq 2097152 2 2097152 145747 396127
rand 2097152 2 2097152 1807 127188
seq 2097152 4 65536 207080 287362
rand 2097152 4 65536 59158 86788
seq 2097152 4 2097152 260278 566715
rand 2097152 4 2097152 1603 126374
seq 2097152 8 65536 369829 509399
rand 2097152 8 65536 59978 87683
seq 2097152 8 2097152 483505 915044
rand 2097152 8 2097152 1892 131428
seq 2097152 16 65536 597287 818706
rand 2097152 16 65536 60922 88565
seq 2097152 16 2097152 966191 1546487
rand 2097152 16 2097152 2118 126999
seq 16777216 1 65536 59703 84213
rand 16777216 1 65536 59849 83075
seq 16777216 1 2097152 71237 142508
rand 16777216 1 2097152 77971 157922
seq 16777216 2 65536 114542 159144
rand 16777216 2 65536 60850 84139
seq 16777216 2 2097152 139523 240745
rand 16777216 2 2097152 77532 157541
seq 16777216 4 65536 223390 309542
rand 16777216 4 65536 61987 85443
seq 16777216 4 2097152 260266 414703
rand 16777216 4 2097152 78631 156916
seq 16777216 8 65536 427276 593366
rand 16777216 8 65536 64329 87730
seq 16777216 8 2097152 498138 751142
rand 16777216 8 2097152 79399 158481
seq 16777216 16 65536 716995 993972
rand 16777216 16 65536 68727 92212
seq 16777216 16 2097152 970689 1394179
rand 16777216 16 2097152 77998 157211
seq 134217728 1 65536 73424 104359
rand 134217728 1 65536 72101 101256
seq 134217728 1 2097152 75391 125093
rand 134217728 1 2097152 81863 139721
seq 134217728 2 65536 146131 205579
rand 134217728 2 65536 73386 102227
seq 134217728 2 2097152 143719 227897
rand 134217728 2 2097152 83060 141373
seq 134217728 4 65536 281064 391486
rand 134217728 4 65536 75278 104025
seq 134217728 4 2097152 275155 423003
rand 134217728 4 2097152 88015 149035
seq 134217728 8 65536 501991 692905
rand 134217728 8 65536 78073 106945
seq 134217728 8 2097152 537929 801853
rand 134217728 8 2097152 87619 146132
seq 134217728 16 65536 812607 1107797
rand 134217728 16 65536 84911 113629
seq 134217728 16 2097152 1108617 1609823
rand 134217728 16 2097152 95404 153996
seq 2097152 1 65536 58388 87128
rand 2097152 1 65536 59330 87132
seq 2097152 1 2097152 96990 320785
rand 2097152 1 2097152 1870 114715
seq 2097152 2 65536 111130 157482
rand 2097152 2 65536 59344 87015
seq 2097152 2 2097152 152584 406713
rand 2097152 2 2097152 2152 114794
seq 2097152 4 65536 208118 288455
rand 2097152 4 65536 59927 87482
seq 2097152 4 2097152 265905 576451
rand 2097152 4 2097152 1671 114779
seq 2097152 8 65536 370372 509587
rand 2097152 8 65536 60457 88377
seq 2097152 8 2097152 485657 922836
rand 2097152 8 2097152 2074 115013
seq 2097152 16 65536 601137 823024
rand 2097152 16 65536 61617 89860
seq 2097152 1 4 46954 47696
rand 2097152 1 4 2407 3069
seq 2097152 1 4096 4672 6408
rand 2097152 1 4096 7262 9859
seq 2097152 1 32768 3487 4948
rand 2097152 1 32768 3705 5187
seq 2097152 1 2097152 360 1232
rand 2097152 1 2097152 5 458
seq 2097152 2 4 67556 68279
rand 2097152 2 4 2991 3647
seq 2097152 2 4096 6504 8829
rand 2097152 2 4096 7298 9903
seq 2097152 2 32768 6506 8994
rand 2097152 2 32768 3787 5235
seq 2097152 2 2097152 594 1602
rand 2097152 2 2097152 5 457
seq 2097152 4 4 130297 131005
rand 2097152 4 4 4156 4829
seq 2097152 4 4096 7643 10319
rand 2097152 4 4096 7359 9948
seq 2097152 4 32768 11718 16029
rand 2097152 4 32768 3719 5205
seq 2097152 4 2097152 1035 2310
rand 2097152 4 2097152 12 456
seq 2097152 8 4 254646 255348
rand 2097152 8 4 6446 7110
seq 2097152 8 4096 8227 10911
rand 2097152 8 4096 7420 10033
seq 2097152 8 32768 18789 25660
rand 2097152 8 32768 3748 5216
seq 2097152 8 2097152 1919 3677
rand 2097152 8 2097152 5 479
seq 2097152 16 4 519864 520572
rand 2097152 16 4 11079 11745
seq 2097152 16 4096 9311 12007
rand 2097152 16 4096 7481 10063
seq 2097152 16 32768 26087 35415
rand 2097152 16 32768 3809 5282
seq 2097152 16 2097152 3824 6205
rand 2097152 16 2097152 5 477
seq 16777216 1 4 720406 727990
rand 16777216 1 4 21778 28356
seq 16777216 1 4096 44949 62206
rand 16777216 1 4096 68666 94559
seq 16777216 1 32768 29172 40328
rand 16777216 1 32768 30460 41454
seq 16777216 1 2097152 2200 4423
rand 16777216 1 2097152 2368 4943
seq 16777216 2 4 1385465 1392985
rand 16777216 2 4 28623 35694
seq 16777216 2 4096 64579 88581
rand 16777216 2 4096 69910 95779
seq 16777216 2 32768 55207 76286
rand 16777216 2 32768 31243 42198
seq 16777216 2 2097152 4386 7605
rand 16777216 2 2097152 2507 4964
seq 16777216 4 4 2296410 2303990
rand 16777216 4 4 40850 47934
seq 16777216 4 4096 77267 104827
rand 16777216 4 4096 70765 96813
seq 16777216 4 32768 106479 147890
rand 16777216 4 32768 31888 43034
seq 16777216 4 2097152 8322 13286
rand 16777216 4 2097152 2549 4960
seq 16777216 8 4 4552925 4560493
rand 16777216 8 4 65516 72618
seq 16777216 8 4096 87950 116194
rand 16777216 8 4096 73170 99606
seq 16777216 8 32768 180143 249243
rand 16777216 8 32768 33189 44194
seq 16777216 8 2097152 15660 23702
rand 16777216 8 2097152 2401 4951
seq 16777216 16 4 9082077 9089670
rand 16777216 16 4 114732 121851
seq 16777216 16 4096 106225 134904
rand 16777216 16 4096 78000 104112
seq 16777216 16 32768 256636 353358
rand 16777216 16 32768 34837 45927
seq 16777216 16 2097152 30483 43637
rand 16777216 16 2097152 2443 4966
seq 134217728 1 4 7087958 7145728
rand 134217728 1 4 178898 230447
seq 134217728 1 4096 408511 555105
rand 134217728 1 4096 572369 778587
seq 134217728 1 32768 292341 410563
rand 134217728 1 32768 295895 410386
seq 134217728 1 2097152 19161 31764
rand 134217728 1 2097152 20639 35152
rand 2097152 1 4 10791 10975
rand 2097152 1 4 592 758
rand 2097152 1 4096 294 402
rand 2097152 1 4096 459 621
rand 2097152 1 32768 54 77
rand 2097152 1 32768 58 81
rand 2097152 1 2097152 1 4
rand 2097152 1 2097152 0 1
rand 2097152 2 4 16976 17151
rand 2097152 2 4 737 902
rand 2097152 2 4096 405 550
rand 2097152 2 4096 451 613
rand 2097152 2 32768 100 139
rand 2097152 2 32768 58 81
rand 2097152 2 2097152 2 6
rand 2097152 2 2097152 0 1
rand 2097152 4 4 32530 32704
rand 2097152 4 4 1024 1191
rand 2097152 4 4096 471 635
rand 2097152 4 4096 451 614
rand 2097152 4 32768 180 249
rand 2097152 4 32768 58 81
rand 2097152 4 2097152 4 8
rand 2097152 4 2097152 0 1
rand 2097152 8 4 63877 64053
rand 2097152 8 4 1613 1779
rand 2097152 8 4096 514 685
rand 2097152 8 4096 459 621
rand 2097152 8 32768 293 401
rand 2097152 8 32768 58 81
rand 2097152 8 2097152 7 14
rand 2097152 8 2097152 0 1
rand 2097152 16 4 129902 130078
rand 2097152 16 4 2752 2917
rand 2097152 16 4096 575 745
rand 2097152 16 4096 461 622
rand 2097152 16 32768 406 552
rand 2097152 16 32768 59 81
rand 2097152 16 2097152 15 24
rand 2097152 16 2097152 0 1
rand 16777216 1 4 178997 180897
rand 16777216 1 4 5457 7090
rand 16777216 1 4096 2811 3896
rand 16777216 1 4096 4289 5913
rand 16777216 1 32768 460 635
rand 16777216 1 32768 476 646
rand 16777216 1 2097152 8 17
rand 16777216 1 2097152 9 19
rand 16777216 2 4 347899 349786
rand 16777216 2 4 7153 8915
rand 16777216 2 4096 4067 5567
rand 16777216 2 4096 4342 5963
rand 16777216 2 32768 877 1209
rand 16777216 2 32768 486 659
rand 16777216 2 2097152 17 30
rand 16777216 2 2097152 9 19
rand 16777216 4 4 576301 578194
rand 16777216 4 4 10269 12064
rand 16777216 4 4096 4855 6585
rand 16777216 4 4096 4458 6091
rand 16777216 4 32768 1667 2315
rand 16777216 4 32768 501 672
rand 16777216 4 2097152 31 52
rand 16777216 4 2097152 9 19
rand 16777216 8 4 1137677 1139557
rand 16777216 8 4 16323 18087
rand 16777216 8 4096 5515 7274
rand 16777216 8 4096 4598 6228
rand 16777216 8 32768 2820 3890
rand 16777216 8 32768 514 685
rand 16777216 8 2097152 61 92
rand 16777216 8 2097152 9 19
rand 16777216 16 4 2270747 2272629
rand 16777216 16 4 28737 30506
rand 16777216 16 4096 6627 8404
rand 16777216 16 4096 4851 6477
rand 16777216 16 32768 3990 5484
rand 16777216 16 32768 545 716
rand 16777216 16 2097152 119 170
rand 16777216 16 2097152 9 19
rand 134217728 1 4 1760331 1774863
rand 134217728 1 4 44991 57969
rand 134217728 1 4096 25695 34888
rand 134217728 1 4096 35814 48770
rand 134217728 1 32768 4596 6445
rand 134217728 1 32768 4593 6384
rand 134217728 1 2097152 74 123
rand 134217728 1 2097152 79 135
rand 134217728 2 4 3405010 3419377
rand 134217728 2 4 57364 70274
rand 134217728 2 4096 36348 48743
rand 134217728 2 4096 36193 49061
rand 134217728 2 32768 8902 12332
rand 134217728 2 32768 4666 6450
rand 134217728 2 2097152 142 224
rand 134217728 2 2097152 80 137
rand 134217728 4 4 5570990 5585400
rand 134217728 4 4 82311 95282
rand 134217728 4 4096 43125 57219
rand 134217728 4 4096 36929 49829
rand 134217728 4 32768 15714 21632
rand 134217728 4 32768 4768 6558
rand 134217728 4 2097152 270 415
rand 134217728 4 2097152 82 140
rand 134217728 8 4 11052223 11066620
rand 134217728 8 4 131450 144402
rand 134217728 8 4096 49371 63730
rand 134217728 8 4096 37959 50806
rand 134217728 8 32768 25425 34573
rand 134217728 8 32768 4984 6766
rand 134217728 8 2097152 526 783
rand 134217728 8 2097152 87 144
rand 134217728 16 4 21997233 22011599
rand 134217728 16 4 230366 243285
rand 134217728 16 4096 60146 74561
rand 134217728 16 4096 40222 53091
rand 134217728 16 32768 35739 48141
rand 134217728 16 32768 5362 7150
rand 134217728 16 2097152 1086 1575
rand 134217728 16 2097152 93 150
rand 2097152 1 4 10289 10475
rand 2097152 1 4 593 755
rand 2097152 1 4096 290 397
rand 2097152 1 4096 451 611
rand 2097152 1 32768 54 77
rand 2097152 1 32768 57 79
rand 2097152 1 2097152 1 4
rand 2097152 1 2097152 0 1
rand 2097152 2 4 16900 17075
rand 2097152 2 4 735 900
rand 2097152 2 4096 410 555
rand 2097152 2 4096 453 613
rand 2097152 2 32768 102 140
rand 2097152 2 32768 58 81
rand 2097152 2 2097152 2 6
rand 2097152 2 2097152 0 1
rand 2097152 4 4 34428 34647
rand 2097152 4 4 1029 1198
rand 2097152 4 4096 471 635
rand 2097152 4 4096 453 613
rand 2097152 4 32768 179 247
rand 2097152 4 32768 57 80
rand 2097152 4 2097152 4 8
rand 2097152 4 2097152 0 1
rand 2097152 8 4 63179 63352
rand 2097152 8 4 1595 1761
rand 2097152 8 4096 510 678
rand 2097152 8 4096 455 615
rand 2097152 8 32768 290 397
rand 2097152 8 32768 58 81
rand 2097152 8 2097152 7 14
rand 2097152 8 2097152 0 1
rand 2097152 16 4 128968 129142
rand 2097152 16 4 2740 2905
rand 2097152 16 4096 572 740
rand 2097152 16 4096 462 621
rand 2097152 16 32768 403 548
rand 2097152 16 32768 58 82
rand 2097152 16 2097152 14 23
rand 2097152 16 2097152 0 1
rand 16777216 1 4 180219 182103
rand 16777216 1 4 5429 7065
rand 16777216 1 4096 2813 3883
rand 16777216 1 4096 4290 5911
rand 16777216 1 32768 458 630
rand 16777216 1 32768 475 645
rand 16777216 1 2097152 8 17
rand 16777216 1 2097152 9 19
rand 16777216 2 4 344414 346276
rand 16777216 2 4 7118 8882
rand 16777216 2 4096 4041 5539
rand 16777216 2 4096 4330 5954
rand 16777216 2 32768 864 1189
rand 16777216 2 32768 484 653
rand 16777216 2 2097152 17 29
rand 16777216 2 2097152 9 19
rand 16777216 4 4 571092 572951
rand 16777216 4 4 10177 11950
rand 16777216 4 4096 4796 6500
rand 16777216 4 4096 4394 6017
rand 16777216 4 32768 1648 2284
rand 16777216 4 32768 492 664
rand 16777216 4 2097152 31 51
rand 16777216 4 2097152 9 19
rand 16777216 8 4 1131484 1133350
rand 16777216 8 4 16264 18020
rand 16777216 8 4096 5461 7216
rand 16777216 8 4096 4545 6166
rand 16777216 8 32768 2784 3849
rand 16777216 8 32768 512 681
rand 16777216 8 2097152 61 92
rand 16777216 8 2097152 9 19
rand 16777216 16 4 2251297 2253158
rand 16777216 16 4 28415 30195
rand 16777216 16 4096 6574 8346
rand 16777216 16 4096 4838 6464
rand 16777216 16 32768 3972 5463
rand 16777216 16 32768 542 712
rand 16777216 16 2097152 118 169
rand 16777216 16 2097152 9 19
rand 134217728 1 4 1750504 1764812
rand 134217728 1 4 44552 57340
rand 134217728 1 4096 25504 34598
rand 134217728 1 4096 35568 48360
rand 134217728 1 32768 4572 6406
rand 134217728 1 32768 4583 6371
rand 134217728 1 2097152 74 124
rand 134217728 1 2097152 78 135
rand 134217728 2 4 3398280 3412663
rand 134217728 2 4 57023 69933
rand 134217728 2 4096 36212 48612
rand 134217728 2 4096 36051 48906
rand 134217728 2 32768 8842 12259
rand 134217728 2 32768 4660 6439
rand 134217728 2 2097152 138 223
rand 134217728 2 2097152 80 137
rand 134217728 4 4 5566175 5580501
rand 134217728 4 4 81638 94489
rand 134217728 4 4096 42833 56836
rand 134217728 4 4096 36663 49439
rand 134217728 4 32768 15574 21436
rand 134217728 4 32768 4767 6550
rand 134217728 4 2097152 268 412
rand 134217728 4 2097152 82 139
rand 134217728 8 4 11029155 11043472
rand 134217728 8 4 130844 143689
rand 134217728 8 4096 49077 63413
rand 134217728 8 4096 37905 50806
rand 134217728 8 32768 25274 34399
rand 134217728 8 32768 4971 6751
rand 134217728 8 2097152 521 773
rand 134217728 8 2097152 85 142
rand 134217728 16 4 21971175 21985506
rand 134217728 16 4 229313 242156
rand 134217728 16 4096 59759 74092
rand 134217728 16 4096 40130 52918
rand 2097152 1 4 11434 11617
rand 2097152 1 4 595 761
rand 2097152 1 4096 290 396
rand 2097152 1 4096 451 612
rand 2097152 1 32768 54 77
rand 2097152 1 32768 57 80
rand 2097152 1 2097152 1 4
rand 2097152 1 2097152 0 1
rand 2097152 2 4 16951 17125
rand 2097152 2 4 740 904
rand 2097152 2 4096 405 549
rand 2097152 2 4096 453 612
rand 2097152 2 32768 101 140
rand 2097152 2 32768 58 81
rand 2097152 2 2097152 2 6
rand 2097152 2 2097152 0 1
rand 2097152 4 4 32629 32806
rand 2097152 4 4 1030 1197
rand 2097152 4 4096 472 637
rand 2097152 4 4096 455 617
rand 2097152 4 32768 179 247
rand 2097152 4 32768 58 81
rand 2097152 4 2097152 4 9
rand 2097152 4 2097152 0 1
rand 2097152 8 4 63707 63884
rand 2097152 8 4 1634 1798
rand 2097152 8 4096 516 686
rand 2097152 8 4096 456 618
rand 2097152 8 32768 293 399
rand 2097152 8 32768 58 81
rand 2097152 8 2097152 7 14
rand 2097152 8 2097152 0 1
rand 2097152 16 4 130244 130420
rand 2097152 16 4 2763 2928
rand 2097152 16 4096 577 746
rand 2097152 16 4096 465 626
rand 2097152 16 32768 404 550
rand 2097152 16 32768 59 82
rand 2097152 16 2097152 15 24
rand 2097152 16 2097152 0 1
rand 16777216 1 4 179022 180918
rand 16777216 1 4 5445 7096
rand 16777216 1 4096 2789 3867
rand 16777216 1 4096 4273 5902
rand 16777216 1 32768 456 630
rand 16777216 1 32768 473 644
rand 16777216 1 2097152 8 17
rand 16777216 1 2097152 9 19
rand 2097152 1 4 13143 13335
rand 2097152 1 4 601 765
rand 2097152 1 4096 292 399
rand 2097152 1 4096 454 618
rand 2097152 1 32768 54 76
rand 2097152 1 32768 58 81
rand 2097152 1 2097152 1 4
rand 2097152 1 2097152 0 2
rand 2097152 2 4 16964 17136
rand 2097152 2 4 744 908
rand 2097152 2 4096 401 545
rand 2097152 2 4096 450 615
rand 2097152 2 32768 101 140
rand 2097152 2 32768 57 80
rand 2097152 2 2097152 2 5
rand 2097152 2 2097152 0 1
rand 2097152 4 4 32471 32644
rand 2097152 4 4 1021 1187
rand 2097152 4 4096 471 634
rand 2097152 4 4096 455 618
rand 2097152 4 32768 180 247
rand 2097152 4 32768 58 81
rand 2097152 4 2097152 3 8
rand 2097152 4 2097152 0 2
rand 2097152 8 4 63462 63634
rand 2097152 8 4 1599 1772
rand 2097152 8 4096 507 675
rand 2097152 8 4096 459 620
rand 2097152 8 32768 290 399
rand 2097152 8 32768 58 82
rand 2097152 8 2097152 7 13
rand 2097152 8 2097152 0 2
rand 2097152 16 4 129694 129878
rand 2097152 16 4 2747 2912
rand 2097152 16 4096 575 743
rand 2097152 16 4096 468 629
rand 2097152 16 32768 404 548
rand 2097152 16 32768 58 81
rand 2097152 16 2097152 14 23
rand 2097152 16 2097152 0 2
rand 16777216 1 4 180016 181893
rand 16777216 1 4 5482 7149
rand 16777216 1 4096 2825 3901
rand 16777216 1 4096 4308 5943
rand 16777216 1 32768 466 641
rand 16777216 1 32768 486 657
rand 16777216 1 2097152 9 18
rand 16777216 1 2097152 9 19
rand 16777216 2 4 346635 348512
rand 16777216 2 4 7167 8941
rand 16777216 2 4096 4070 5576
rand 16777216 2 4096 4355 6000
rand 16777216 2 32768 876 1204
rand 16777216 2 32768 494 664
rand 16777216 2 2097152 17 30
rand 16777216 2 2097152 9 19
rand 2097152 1 4 13609 13799
rand 2097152 1 4 596 760
rand 2097152 1 4096 292 401
rand 2097152 1 4096 455 617
rand 2097152 1 32768 53 77
rand 2097152 1 32768 58 82
rand 2097152 1 2097152 1 4
rand 2097152 1 2097152 0 1
rand 2097152 2 4 16901 17077
rand 2097152 2 4 737 902
rand 2097152 2 4096 401 545
rand 2097152 2 4096 454 617
rand 2097152 2 32768 100 140
rand 2097152 2 32768 59 82
rand 2097152 2 2097152 2 5
rand 2097152 2 2097152 0 1
rand 2097152 4 4 32332 32506
rand 2097152 4 4 1022 1190
rand 2097152 4 4096 467 630
rand 2097152 4 4096 454 617
rand 2097152 4 32768 179 247
rand 2097152 4 32768 56 79
rand 2097152 4 2097152 3 8
rand 2097152 4 2097152 0 2
rand 2097152 8 4 63190 63365
rand 2097152 8 4 1597 1763
rand 2097152 8 4096 507 675
rand 2097152 8 4096 457 619
rand 2097152 8 32768 293 401
rand 2097152 8 32768 58 81
rand 2097152 8 2097152 7 13
rand 2097152 8 2097152 0 1
rand 2097152 16 4 129027 129206
rand 2097152 16 4 2742 2908
rand 2097152 16 4096 573 742
rand 2097152 16 4096 462 624
rand 2097152 16 32768 400 544
rand 2097152 16 32768 58 81
rand 2097152 16 2097152 14 23
rand 2097152 16 2097152 0 1
rand 16777216 1 4 178563 180426
rand 16777216 1 4 5452 7115
rand 16777216 1 4096 2796 3871
rand 16777216 1 4096 4281 5922
rand 16777216 1 32768 457 630
rand 16777216 1 32768 483 655
rand 16777216 1 2097152 9 17
rand 16777216 1 2097152 9 19
rand 16777216 2 4 344267 346143
rand 16777216 2 4 7144 8916
rand 16777216 2 4096 4048 5554
rand 16777216 2 4096 4349 5998
rand 16777216 2 32768 872 1200
rand 16777216 2 32768 494 668
rand 16777216 2 2097152 17 30
rand 16777216 2 2097152 9 19
rand 16777216 4 4 570655 572554
rand 16777216 4 4 10211 12004
rand 16777216 4 4096 4793 6525
rand 16777216 4 4096 4423 6076
rand 16777216 4 32768 1643 2285
rand 16777216 4 32768 501 674
rand 16777216 4 2097152 32 51
rand 16777216 4 2097152 9 18
rand 16777216 8 4 1130864 1132741
rand 16777216 8 4 16308 18085
rand 16777216 8 4096 5454 7217
rand 16777216 8 4096 4567 6207
rand 16777216 8 32768 2785 3868
rand 16777216 8 32768 517 690
rand 16777216 8 2097152 61 92
rand 16777216 8 2097152 9 19
